[0930/102323.559:INFO:CONSOLE(0)] "Error with Permissions-Policy header: Feature xr-spatial-tracking's parameters are ignored.", source:  (0)
[0930/102323.559:INFO:CONSOLE(0)] "Error with Permissions-Policy header: Origin trial controlled feature not enabled: 'attribution-reporting'.", source:  (0)
[0930/102323.559:INFO:CONSOLE(0)] "Error with Permissions-Policy header: Unrecognized feature: 'compute-pressure'.", source:  (0)
[0930/102323.559:INFO:CONSOLE(0)] "Error with Permissions-Policy header: Origin trial controlled feature not enabled: 'interest-cohort'.", source:  (0)
[0930/102323.560:INFO:CONSOLE(0)] "Error with Permissions-Policy header: Unrecognized feature: 'private-state-token-issuance'.", source:  (0)
[0930/102323.562:INFO:CONSOLE(0)] "Error with Permissions-Policy header: Origin trial controlled feature not enabled: 'shared-storage'.", source:  (0)
[0930/102323.563:INFO:CONSOLE(0)] "Error with Permissions-Policy header: Unrecognized feature: 'shared-storage-select-url'.", source:  (0)
[0930/102323.563:INFO:CONSOLE(0)] "Error with Permissions-Policy header: Unrecognized feature: 'private-state-token-redemption'.", source:  (0)
[0930/102323.563:INFO:CONSOLE(0)] "Error with Permissions-Policy header: Unrecognized feature: 'unload'.", source:  (0)
[0930/102323.563:INFO:CONSOLE(0)] "Error with Permissions-Policy header: Unrecognized feature: 'window-management'.", source:  (0)
[0930/102334.458:INFO:CONSOLE(123)] "Event handler of 'x-storagemutated-1' event must be added on the initial evaluation of worker script.", source: https://static.whatsapp.net/rsrc.php/v3/y1/r/ay6dntiGcgL.js?_nc_x=Ij3Wp8lg5Kz (123)
[0930/102336.899:INFO:CONSOLE(343)] "WAWebLoggerWorker initialized", source: https://static.whatsapp.net/rsrc.php/v3/yD/r/YZ-EForl1wn.js?_nc_x=Ij3Wp8lg5Kz (343)
[0930/102337.008:INFO:CONSOLE(343)] "[storage] start setSchemaVersions from fts worker interface", source: https://static.whatsapp.net/rsrc.php/v3/yD/r/YZ-EForl1wn.js?_nc_x=Ij3Wp8lg5Kz (343)
[0930/102337.008:INFO:CONSOLE(343)] "[storage] set schema versions: [model-storage,159,fts-storage,8,jobs-storage,1,lru-media-storage-idb,2,offd-storage,4,qpl-storage,0,signal-storage,6,worker-storage,1,sw,2,wawc,14,wawc_db_enc,2]. is worker? true", source: https://static.whatsapp.net/rsrc.php/v3/yD/r/YZ-EForl1wn.js?_nc_x=Ij3Wp8lg5Kz (343)
[0930/102351.548:INFO:CONSOLE(343)] "FTS:Delegate: start indexer", source: https://static.whatsapp.net/rsrc.php/v3/yD/r/YZ-EForl1wn.js?_nc_x=Ij3Wp8lg5Kz (343)
[0930/102351.548:INFO:CONSOLE(343)] "FTS:Delegate: start perform init", source: https://static.whatsapp.net/rsrc.php/v3/yD/r/YZ-EForl1wn.js?_nc_x=Ij3Wp8lg5Kz (343)
[0930/102351.548:INFO:CONSOLE(343)] "FTS:Delegate: schema versions ready", source: https://static.whatsapp.net/rsrc.php/v3/yD/r/YZ-EForl1wn.js?_nc_x=Ij3Wp8lg5Kz (343)
[0930/102351.548:INFO:CONSOLE(343)] "FTS:Delegate: before db initialization", source: https://static.whatsapp.net/rsrc.php/v3/yD/r/YZ-EForl1wn.js?_nc_x=Ij3Wp8lg5Kz (343)
[0930/102351.549:INFO:CONSOLE(343)] "[storage] applying schema versions from [0 to 8] for the database: 'fts-storage'", source: https://static.whatsapp.net/rsrc.php/v3/yD/r/YZ-EForl1wn.js?_nc_x=Ij3Wp8lg5Kz (343)
[0930/102351.753:INFO:CONSOLE(343)] "[storage] applying schema versions from [0 to 159] for the database: 'model-storage'", source: https://static.whatsapp.net/rsrc.php/v3/yD/r/YZ-EForl1wn.js?_nc_x=Ij3Wp8lg5Kz (343)
[0930/102405.169:INFO:CONSOLE(343)] "FTS:Delegate: after db initialization", source: https://static.whatsapp.net/rsrc.php/v3/yD/r/YZ-EForl1wn.js?_nc_x=Ij3Wp8lg5Kz (343)
[0930/102405.170:INFO:CONSOLE(343)] "FTS:Manifest Writer: Set current version to ['3.1', '1']", source: https://static.whatsapp.net/rsrc.php/v3/yD/r/YZ-EForl1wn.js?_nc_x=Ij3Wp8lg5Kz (343)
[0930/102405.170:INFO:CONSOLE(343)] "FTS:Delegate: Inited", source: https://static.whatsapp.net/rsrc.php/v3/yD/r/YZ-EForl1wn.js?_nc_x=Ij3Wp8lg5Kz (343)
[0930/102405.170:INFO:CONSOLE(343)] "FTS:Delegate: Init indexing ops", source: https://static.whatsapp.net/rsrc.php/v3/yD/r/YZ-EForl1wn.js?_nc_x=Ij3Wp8lg5Kz (343)
[0930/102405.171:INFO:CONSOLE(343)] "FTS:Indexer:indexQueuedBatch: Starting new batch size : 1000", source: https://static.whatsapp.net/rsrc.php/v3/yD/r/YZ-EForl1wn.js?_nc_x=Ij3Wp8lg5Kz (343)
[0930/102405.241:INFO:CONSOLE(343)] "Current message batch is from entry 0 of 72...", source: https://static.whatsapp.net/rsrc.php/v3/yD/r/YZ-EForl1wn.js?_nc_x=Ij3Wp8lg5Kz (343)
[0930/102412.645:INFO:CONSOLE(343)] "FTS:Indexer:indexQueuedBatch: Completed batch", source: https://static.whatsapp.net/rsrc.php/v3/yD/r/YZ-EForl1wn.js?_nc_x=Ij3Wp8lg5Kz (343)
[0930/102412.812:INFO:CONSOLE(343)] "FTS:Indexer:indexQueuedBatch: Completed", source: https://static.whatsapp.net/rsrc.php/v3/yD/r/YZ-EForl1wn.js?_nc_x=Ij3Wp8lg5Kz (343)
[0930/102414.659:INFO:CONSOLE(343)] "Finished batch from entry 0 of 72. (Took 9417.20000000298 msec)", source: https://static.whatsapp.net/rsrc.php/v3/yD/r/YZ-EForl1wn.js?_nc_x=Ij3Wp8lg5Kz (343)
[0930/102416.629:INFO:CONSOLE(343)] "FTS:Indexer:indexQueuedBatch: Starting new batch size : 1000", source: https://static.whatsapp.net/rsrc.php/v3/yD/r/YZ-EForl1wn.js?_nc_x=Ij3Wp8lg5Kz (343)
[0930/102437.122:INFO:CONSOLE(343)] "FTS:Indexer:indexQueuedBatch: Completed batch", source: https://static.whatsapp.net/rsrc.php/v3/yD/r/YZ-EForl1wn.js?_nc_x=Ij3Wp8lg5Kz (343)
[0930/102437.341:INFO:CONSOLE(343)] "FTS:Indexer:indexQueuedBatch: Completed", source: https://static.whatsapp.net/rsrc.php/v3/yD/r/YZ-EForl1wn.js?_nc_x=Ij3Wp8lg5Kz (343)
[0930/102441.158:INFO:CONSOLE(343)] "FTS:Indexer:indexQueuedBatch: Starting new batch size : 1000", source: https://static.whatsapp.net/rsrc.php/v3/yD/r/YZ-EForl1wn.js?_nc_x=Ij3Wp8lg5Kz (343)
[0930/102441.173:INFO:CONSOLE(343)] "FTS:Indexer:indexQueuedBatch: Completed batch", source: https://static.whatsapp.net/rsrc.php/v3/yD/r/YZ-EForl1wn.js?_nc_x=Ij3Wp8lg5Kz (343)
[0930/102441.182:INFO:CONSOLE(343)] "FTS:Indexer:indexQueuedBatch: Completed", source: https://static.whatsapp.net/rsrc.php/v3/yD/r/YZ-EForl1wn.js?_nc_x=Ij3Wp8lg5Kz (343)
[0930/102443.500:INFO:CONSOLE(343)] "FTS:Indexer:indexQueuedBatch: Starting new batch size : 1000", source: https://static.whatsapp.net/rsrc.php/v3/yD/r/YZ-EForl1wn.js?_nc_x=Ij3Wp8lg5Kz (343)
[0930/102443.539:INFO:CONSOLE(343)] "FTS:Indexer:indexQueuedBatch: Completed batch", source: https://static.whatsapp.net/rsrc.php/v3/yD/r/YZ-EForl1wn.js?_nc_x=Ij3Wp8lg5Kz (343)
[0930/102443.545:INFO:CONSOLE(343)] "FTS:Indexer:indexQueuedBatch: Completed", source: https://static.whatsapp.net/rsrc.php/v3/yD/r/YZ-EForl1wn.js?_nc_x=Ij3Wp8lg5Kz (343)
[0930/102500.080:INFO:CONSOLE(343)] "FTS:Indexer:indexQueuedBatch: Starting new batch size : 1000", source: https://static.whatsapp.net/rsrc.php/v3/yD/r/YZ-EForl1wn.js?_nc_x=Ij3Wp8lg5Kz (343)
[0930/102500.093:INFO:CONSOLE(343)] "FTS:Indexer:indexQueuedBatch: Completed batch", source: https://static.whatsapp.net/rsrc.php/v3/yD/r/YZ-EForl1wn.js?_nc_x=Ij3Wp8lg5Kz (343)
[0930/102500.094:INFO:CONSOLE(343)] "FTS:Indexer:indexQueuedBatch: Completed", source: https://static.whatsapp.net/rsrc.php/v3/yD/r/YZ-EForl1wn.js?_nc_x=Ij3Wp8lg5Kz (343)
[0930/102513.202:INFO:CONSOLE(123)] "Event handler of 'x-storagemutated-1' event must be added on the initial evaluation of worker script.", source: https://static.whatsapp.net/rsrc.php/v3/y1/r/ay6dntiGcgL.js?_nc_x=Ij3Wp8lg5Kz (123)
[0930/102521.333:INFO:CONSOLE(343)] "FTS:Indexer:indexQueuedBatch: Starting new batch size : 1000", source: https://static.whatsapp.net/rsrc.php/v3/yD/r/YZ-EForl1wn.js?_nc_x=Ij3Wp8lg5Kz (343)
[0930/102521.647:INFO:CONSOLE(343)] "FTS:Indexer:indexQueuedBatch: Completed batch", source: https://static.whatsapp.net/rsrc.php/v3/yD/r/YZ-EForl1wn.js?_nc_x=Ij3Wp8lg5Kz (343)
[0930/102521.687:INFO:CONSOLE(343)] "FTS:Indexer:indexQueuedBatch: Completed", source: https://static.whatsapp.net/rsrc.php/v3/yD/r/YZ-EForl1wn.js?_nc_x=Ij3Wp8lg5Kz (343)
